#
# There is insufficient memory for the Java Runtime Environment to continue.
# Native memory allocation (mmap) failed to map 201326592 bytes. Error detail: G1 virtual space
# Possible reasons:
#   The system is out of physical RAM or swap space
#   This process is running with CompressedOops enabled, and the Java Heap may be blocking the growth of the native heap
# Possible solutions:
#   Reduce memory load on the system
#   Increase physical memory or swap space
#   Check if swap backing store is full
#   Decrease Java heap size (-Xmx/-Xms)
#   Decrease number of Java threads
#   Decrease Java thread stack sizes (-Xss)
#   Set larger code cache with -XX:ReservedCodeCacheSize=
#   JVM is running with Zero Based Compressed Oops mode in which the Java heap is
#     placed in the first 32GB address space. The Java Heap base address is the
#     maximum limit for the native heap growth. Please use -XX:HeapBaseMinAddress
#     to set the Java Heap base and to place the Java Heap above 32GB virtual address.
# This output file may be truncated or incomplete.
#
#  Out of Memory Error (os_windows.cpp:3815), pid=14392, tid=26196
#
# JRE version:  (21.0.3) (build )
# Java VM: OpenJDK 64-Bit Server VM (21.0.3+-12282718-b509.11, mixed mode, sharing, tiered, compressed oops, compressed class ptrs, g1 gc, windows-amd64)
# No core dump will be written. Minidumps are not enabled by default on client versions of Windows
#

---------------  S U M M A R Y ------------

Command Line: 

Host: Intel(R) Core(TM) i5-5300U CPU @ 2.30GHz, 4 cores, 11G,  Windows 10 , 64 bit Build 19041 (10.0.19041.5198)
Time: Fri Feb  7 15:04:25 2025 Pakistan Standard Time elapsed time: 0.111948 seconds (0d 0h 0m 0s)

---------------  T H R E A D  ---------------

Current thread (0x00000260c2138c90):  JavaThread "Unknown thread" [_thread_in_vm, id=26196, stack(0x000000fee3a00000,0x000000fee3b00000) (1024K)]

Stack: [0x000000fee3a00000,0x000000fee3b00000]
Native frames: (J=compiled Java code, j=interpreted, Vv=VM code, C=native code)
V  [jvm.dll+0x6cafb9]
V  [jvm.dll+0x858523]
V  [jvm.dll+0x85aa7e]
V  [jvm.dll+0x85b163]
V  [jvm.dll+0x27d356]
V  [jvm.dll+0x6c7865]
V  [jvm.dll+0x6bbd3a]
V  [jvm.dll+0x35199b]
V  [jvm.dll+0x3595d6]
V  [jvm.dll+0x3aa826]
V  [jvm.dll+0x3aaaf8]
V  [jvm.dll+0x3240bc]
V  [jvm.dll+0x324dab]
V  [jvm.dll+0x81fd89]
V  [jvm.dll+0x3b7c08]
V  [jvm.dll+0x80921d]
V  [jvm.dll+0x44c05e]
V  [jvm.dll+0x44d6b1]
C  [jli.dll+0x52ab]
C  [ucrtbase.dll+0x21bb2]
C  [KERNEL32.DLL+0x17374]
C  [ntdll.dll+0x4cc91]


---------------  P R O C E S S  ---------------

Threads class SMR info:
_java_thread_list=0x00007ff9fe4357c8, length=0, elements={
}

Java Threads: ( => current thread )
Total: 0

Other Threads:
  0x00000260c23595b0 WorkerThread "GC Thread#0"                     [id=7644, stack(0x000000fee3b00000,0x000000fee3c00000) (1024K)]
  0x00000260c2366be0 ConcurrentGCThread "G1 Main Marker"            [id=12848, stack(0x000000fee3c00000,0x000000fee3d00000) (1024K)]
  0x00000260c23676e0 WorkerThread "G1 Conc#0"                       [id=37872, stack(0x000000fee3d00000,0x000000fee3e00000) (1024K)]

[error occurred during error reporting (printing all threads), id 0xc0000005, EXCEPTION_ACCESS_VIOLATION (0xc0000005) at pc=0x00007ff9fdc37197]
VM state: not at safepoint (not fully initialized)

VM Mutex/Monitor currently owned by a thread:  ([mutex/lock_event])
[0x00007ff9fe4a21c8] Heap_lock - owner thread: 0x00000260c2138c90

Heap address: 0x0000000741c00000, size: 3044 MB, Compressed Oops mode: Zero based, Oop shift amount: 3

CDS archive(s) mapped at: [0x0000000000000000-0x0000000000000000-0x0000000000000000), size 0, SharedBaseAddress: 0x0000000800000000, ArchiveRelocationMode: 1.
Narrow klass base: 0x0000000000000000, Narrow klass shift: 0, Narrow klass range: 0x0

GC Precious Log:
 CardTable entry size: 512
 Card Set container configuration: InlinePtr #cards 4 size 8 Array Of Cards #cards 16 size 48 Howl #buckets 8 coarsen threshold 3686 Howl Bitmap #cards 512 size 80 coarsen threshold 460 Card regions per heap region 1 cards per card region 4096

Heap:
 garbage-first heap   total 0K, used 0K [0x0000000741c00000, 0x0000000800000000)
  region size 2048K, 0 young (0K), 0 survivors (0K)
 Metaspace       used 0K, committed 0K, reserved 0K
  class space    used 0K, committed 0K, reserved 0K

Heap Regions: E=young(eden), S=young(survivor), O=old, HS=humongous(starts), HC=humongous(continues), CS=collection set, F=free, TAMS=top-at-mark-start, PB=parsable bottom

Card table byte_map: [0x00000260d68a0000,0x00000260d6ea0000] _byte_map_base: 0x00000260d2e92000

Marking Bits: (CMBitMap*) 0x00000260c235a4c0
 Bits: [0x00000260d6ea0000, 0x00000260d9e30000)

GC Heap History (0 events):
No events

Dll operation events (1 events):
Event: 0.071 Loaded shared library C:\Program Files\Android\Android Studio\jbr\bin\java.dll

Deoptimization events (0 events):
No events

Classes loaded (0 events):
No events

Classes unloaded (0 events):
No events

Classes redefined (0 events):
No events

Internal exceptions (0 events):
No events

ZGC Phase Switch (0 events):
No events

VM Operations (0 events):
No events

Events (0 events):
No events


Dynamic libraries:
0x00007ff6c2c20000 - 0x00007ff6c2c2a000 	C:\Program Files\Android\Android Studio\jbr\bin\java.EXE
0x00007ffa4cff0000 - 0x00007ffa4d1e8000 	C:\WINDOWS\SYSTEM32\ntdll.dll
0x00007ffa4b0a0000 - 0x00007ffa4b162000 	C:\WINDOWS\System32\KERNEL32.DLL
0x00007ffa4acd0000 - 0x00007ffa4afcf000 	C:\WINDOWS\System32\KERNELBASE.dll
0x00007ffa4a8e0000 - 0x00007ffa4a9e0000 	C:\WINDOWS\System32\ucrtbase.dll
0x00007ffa35cb0000 - 0x00007ffa35cc8000 	C:\Program Files\Android\Android Studio\jbr\bin\jli.dll
0x00007ffa4c360000 - 0x00007ffa4c4fd000 	C:\WINDOWS\System32\USER32.dll
0x00007ffa4aca0000 - 0x00007ffa4acc2000 	C:\WINDOWS\System32\win32u.dll
0x00007ffa4c500000 - 0x00007ffa4c52b000 	C:\WINDOWS\System32\GDI32.dll
0x00007ffa4a9e0000 - 0x00007ffa4aaf7000 	C:\WINDOWS\System32\gdi32full.dll
0x00007ffa4ab00000 - 0x00007ffa4ab9d000 	C:\WINDOWS\System32\msvcp_win.dll
0x00007ffa28180000 - 0x00007ffa2819b000 	C:\Program Files\Android\Android Studio\jbr\bin\VCRUNTIME140.dll
0x00007ffa35f10000 - 0x00007ffa361aa000 	C:\WINDOWS\WinSxS\amd64_microsoft.windows.common-controls_6595b64144ccf1df_6.0.19041.4355_none_60b8b9eb71f62e16\COMCTL32.dll
0x00007ffa4cdc0000 - 0x00007ffa4ce5e000 	C:\WINDOWS\System32\msvcrt.dll
0x00007ffa4c660000 - 0x00007ffa4c68f000 	C:\WINDOWS\System32\IMM32.DLL
0x00007ffa2b100000 - 0x00007ffa2b10c000 	C:\Program Files\Android\Android Studio\jbr\bin\vcruntime140_1.dll
0x00007ffa2aea0000 - 0x00007ffa2af2d000 	C:\Program Files\Android\Android Studio\jbr\bin\msvcp140.dll
0x00007ff9fd900000 - 0x00007ff9fe57d000 	C:\Program Files\Android\Android Studio\jbr\bin\server\jvm.dll
0x00007ffa4b230000 - 0x00007ffa4b2e1000 	C:\WINDOWS\System32\ADVAPI32.dll
0x00007ffa4b000000 - 0x00007ffa4b09f000 	C:\WINDOWS\System32\sechost.dll
0x00007ffa4ca00000 - 0x00007ffa4cb23000 	C:\WINDOWS\System32\RPCRT4.dll
0x00007ffa4afd0000 - 0x00007ffa4aff7000 	C:\WINDOWS\System32\bcrypt.dll
0x00007ffa4cf40000 - 0x00007ffa4cfab000 	C:\WINDOWS\System32\WS2_32.dll
0x00007ffa49b80000 - 0x00007ffa49bcb000 	C:\WINDOWS\SYSTEM32\POWRPROF.dll
0x00007ffa376e0000 - 0x00007ffa37707000 	C:\WINDOWS\SYSTEM32\WINMM.dll
0x00007ffa3f820000 - 0x00007ffa3f82a000 	C:\WINDOWS\SYSTEM32\VERSION.dll
0x00007ffa49a40000 - 0x00007ffa49a52000 	C:\WINDOWS\SYSTEM32\UMPDC.dll
0x00007ffa48e60000 - 0x00007ffa48e72000 	C:\WINDOWS\SYSTEM32\kernel.appcore.dll
0x00007ffa2afe0000 - 0x00007ffa2afea000 	C:\Program Files\Android\Android Studio\jbr\bin\jimage.dll
0x00007ffa48b60000 - 0x00007ffa48d44000 	C:\WINDOWS\SYSTEM32\DBGHELP.DLL
0x00007ffa3ce30000 - 0x00007ffa3ce64000 	C:\WINDOWS\SYSTEM32\dbgcore.DLL
0x00007ffa4ac10000 - 0x00007ffa4ac92000 	C:\WINDOWS\System32\bcryptPrimitives.dll
0x00007ffa27f00000 - 0x00007ffa27f1f000 	C:\Program Files\Android\Android Studio\jbr\bin\java.dll

dbghelp: loaded successfully - version: 4.0.5 - missing functions: none
symbol engine: initialized successfully - sym options: 0x614 - pdb path: .;C:\Program Files\Android\Android Studio\jbr\bin;C:\WINDOWS\SYSTEM32;C:\WINDOWS\WinSxS\amd64_microsoft.windows.common-controls_6595b64144ccf1df_6.0.19041.4355_none_60b8b9eb71f62e16;C:\Program Files\Android\Android Studio\jbr\bin\server

VM Arguments:
java_command: <unknown>
java_class_path (initial): <not set>
Launcher Type: SUN_STANDARD

[Global flags]
     intx CICompilerCount                          = 3                                         {product} {ergonomic}
     uint ConcGCThreads                            = 1                                         {product} {ergonomic}
     uint G1ConcRefinementThreads                  = 4                                         {product} {ergonomic}
   size_t G1HeapRegionSize                         = 2097152                                   {product} {ergonomic}
    uintx GCDrainStackTargetSize                   = 64                                        {product} {ergonomic}
   size_t InitialHeapSize                          = 201326592                                 {product} {ergonomic}
   size_t MarkStackSize                            = 4194304                                   {product} {ergonomic}
   size_t MaxHeapSize                              = 3191865344                                {product} {ergonomic}
   size_t MinHeapDeltaBytes                        = 2097152                                   {product} {ergonomic}
   size_t MinHeapSize                              = 8388608                                   {product} {ergonomic}
    uintx NonNMethodCodeHeapSize                   = 5832780                                {pd product} {ergonomic}
    uintx NonProfiledCodeHeapSize                  = 122912730                              {pd product} {ergonomic}
    uintx ProfiledCodeHeapSize                     = 122912730                              {pd product} {ergonomic}
    uintx ReservedCodeCacheSize                    = 251658240                              {pd product} {ergonomic}
     bool SegmentedCodeCache                       = true                                      {product} {ergonomic}
   size_t SoftMaxHeapSize                          = 3191865344                             {manageable} {ergonomic}
     bool UseCompressedOops                        = true                           {product lp64_product} {ergonomic}
     bool UseG1GC                                  = true                                      {product} {ergonomic}
     bool UseLargePagesIndividualAllocation        = false                                  {pd product} {ergonomic}

Logging:
Log output configuration:
 #0: stdout all=warning uptime,level,tags foldmultilines=false
 #1: stderr all=off uptime,level,tags foldmultilines=false

Environment Variables:
JAVA_HOME=C:\Oracle_JDK-23
PATH=C:\Program Files\Common Files\Oracle\Java\javapath;C:\WINDOWS\system32;C:\WINDOWS;C:\WINDOWS\System32\Wbem;C:\WINDOWS\System32\WindowsPowerShell\v1.0\;C:\WINDOWS\System32\OpenSSH\;C:\Program Files\dotnet\;C:\Users\surma\AppData\Local\Android\Sdk\emulator;C:\Oracle_JDK-23\bin;C:\xampp\php;C:\Program Files\Microsoft SQL Server\Client SDK\ODBC\110\Tools\Binn\;C:\Program Files (x86)\Microsoft SQL Server\160\DTS\Binn\;C:\Python39;C:\Program Files (x86)\dotnet\;C:\ProgramData\ComposerSetup\bin;C:\Program Files\nodejs\;C:\ProgramData\chocolatey\bin;C:\Program Files\Git\cmd;C:\Users\surma\dev\flutter\bin;C:\Users\surma\AppData\Local\Programs\Microsoft VS Code\bin;C:\Users\surma\AppData\Roaming\Microsoft\Windows\Start Menu\Programs\Python 3.12;;C:\Users\surma\dev\flutter\bin\mingit\cmd
USERNAME=surma
OS=Windows_NT
PROCESSOR_IDENTIFIER=Intel64 Family 6 Model 61 Stepping 4, GenuineIntel
TMP=C:\Users\surma\AppData\Local\Temp
TEMP=C:\Users\surma\AppData\Local\Temp




Periodic native trim disabled

JNI global refs:
JNI global refs: 0, weak refs: 0

JNI global refs memory usage: 0, weak refs: 0

Process memory usage:
Resident Set Size: 10372K (0% of 12460188K total physical memory with 318052K free physical memory)

OOME stack traces (most recent first):
Classloader memory used:

---------------  S Y S T E M  ---------------

OS:
 Windows 10 , 64 bit Build 19041 (10.0.19041.5198)
OS uptime: 2 days 12:52 hours
Hyper-V role detected

CPU: total 4 (initial active 4) (2 cores per cpu, 2 threads per core) family 6 model 61 stepping 4 microcode 0x2d, cx8, cmov, fxsr, ht, mmx, 3dnowpref, sse, sse2, sse3, ssse3, sse4.1, sse4.2, popcnt, lzcnt, tsc, tscinvbit, avx, avx2, aes, erms, clmul, bmi1, bmi2, rtm, adx, fma, vzeroupper, clflush, hv, rdtscp, f16c
Processor Information for all 4 processors :
  Max Mhz: 2295, Current Mhz: 2295, Mhz Limit: 2295

Memory: 4k page, system-wide physical 12168M (310M free)
TotalPageFile size 27853M (AvailPageFile size 44M)
current process WorkingSet (physical memory assigned to process): 10M, peak: 10M
current process commit charge ("private bytes"): 51M, peak: 243M

vm_info: OpenJDK 64-Bit Server VM (21.0.3+-12282718-b509.11) for windows-amd64 JRE (21.0.3+-12282718-b509.11), built on 2024-08-27T17:34:15Z by "builder" with MS VC++ 16.10 / 16.11 (VS2019)

END.
