#
# There is insufficient memory for the Java Runtime Environment to continue.
# Native memory allocation (malloc) failed to allocate 1048576 bytes. Error detail: AllocateHeap
# Possible reasons:
#   The system is out of physical RAM or swap space
#   This process is running with CompressedOops enabled, and the Java Heap may be blocking the growth of the native heap
# Possible solutions:
#   Reduce memory load on the system
#   Increase physical memory or swap space
#   Check if swap backing store is full
#   Decrease Java heap size (-Xmx/-Xms)
#   Decrease number of Java threads
#   Decrease Java thread stack sizes (-Xss)
#   Set larger code cache with -XX:ReservedCodeCacheSize=
#   JVM is running with Unscaled Compressed Oops mode in which the Java heap is
#     placed in the first 4GB address space. The Java Heap base address is the
#     maximum limit for the native heap growth. Please use -XX:HeapBaseMinAddress
#     to set the Java Heap base and to place the Java Heap above 4GB virtual address.
# This output file may be truncated or incomplete.
#
#  Out of Memory Error (allocation.cpp:44), pid=14820, tid=14100
#
# JRE version:  (23.0.1+11) (build )
# Java VM: Java HotSpot(TM) 64-Bit Server VM (23.0.1+11-39, mixed mode, tiered, compressed oops, compressed class ptrs, parallel gc, windows-amd64)
# No core dump will be written. Minidumps are not enabled by default on client versions of Windows
#

---------------  S U M M A R Y ------------

Command Line: --add-modules=ALL-SYSTEM --add-opens=java.base/java.util=ALL-UNNAMED --add-opens=java.base/java.lang=ALL-UNNAMED --add-opens=java.base/sun.nio.fs=ALL-UNNAMED -Declipse.application=org.eclipse.jdt.ls.core.id1 -Dosgi.bundles.defaultStartLevel=4 -Declipse.product=org.eclipse.jdt.ls.core.product -Djava.import.generatesMetadataFilesAtProjectRoot=false -DDetectVMInstallationsJob.disabled=true -Dfile.encoding=utf8 -XX:+UseParallelGC -XX:GCTimeRatio=4 -XX:AdaptiveSizePolicyWeight=90 -Dsun.zip.disableMemoryMapping=true -Xmx1G -Xms100m -Xlog:disable -javaagent:c:\Users\surma\.vscode\extensions\redhat.java-1.39.0-win32-x64\lombok\lombok-1.18.34.jar c:\Users\surma\.vscode\extensions\redhat.java-1.39.0-win32-x64\server\plugins\org.eclipse.equinox.launcher_1.6.900.v20240613-2009.jar -configuration c:\Users\surma\AppData\Roaming\Code\User\globalStorage\redhat.java\1.39.0\config_ss_win -data c:\Users\surma\AppData\Roaming\Code\User\workspaceStorage\d567e7ec6c664be87a8bcd6bc2ff05b1\redhat.java\ss_ws --pipe=\\.\pipe\lsp-500e3be37a63c3e6903560b4ddfcf823-sock

Host: Intel(R) Core(TM) i5-5300U CPU @ 2.30GHz, 4 cores, 11G,  Windows 10 , 64 bit Build 19041 (10.0.19041.5198)
Time: Sun Feb  2 15:09:18 2025 Pakistan Standard Time elapsed time: 0.206486 seconds (0d 0h 0m 0s)

---------------  T H R E A D  ---------------

Current thread (0x000001771af106f0):  JavaThread "Unknown thread" [_thread_in_vm, id=14100, stack(0x00000008c9200000,0x00000008c9300000) (1024K)]

Stack: [0x00000008c9200000,0x00000008c9300000]
Native frames: (J=compiled Java code, j=interpreted, Vv=VM code, C=native code)
V  [jvm.dll+0x6e08b9]  (no source info available)
V  [jvm.dll+0x87dc83]  (no source info available)
V  [jvm.dll+0x88010e]  (no source info available)
V  [jvm.dll+0x8807e3]  (no source info available)
V  [jvm.dll+0x27aee6]  (no source info available)
V  [jvm.dll+0xb6a17]  (no source info available)
V  [jvm.dll+0x71538c]  (no source info available)
V  [jvm.dll+0x6ee153]  (no source info available)
V  [jvm.dll+0x8448ab]  (no source info available)
V  [jvm.dll+0x3b97a1]  (no source info available)
V  [jvm.dll+0x82d22d]  (no source info available)
V  [jvm.dll+0x454d4e]  (no source info available)
V  [jvm.dll+0x456bd1]  (no source info available)
C  [jli.dll+0x52a3]  (no source info available)
C  [ucrtbase.dll+0x21bb2]  (no source info available)
C  [KERNEL32.DLL+0x17374]  (no source info available)
C  [ntdll.dll+0x4cc91]  (no source info available)

Lock stack of current Java thread (top to bottom):


---------------  P R O C E S S  ---------------

Threads class SMR info:
_java_thread_list=0x00000177336d05c0, length=1, elements={
0x000001771af106f0
}

Java Threads: ( => current thread )
=>0x000001771af106f0 JavaThread "Unknown thread"             [_thread_in_vm, id=14100, stack(0x00000008c9200000,0x00000008c9300000) (1024K)]
Total: 1

Other Threads:
  0x000001771afd3dc0 WatcherThread "VM Periodic Task Thread"        [id=7900, stack(0x00000008c9400000,0x00000008c9500000) (1024K)]
  0x000001771af2da80 WorkerThread "GC Thread#0"                     [id=52940, stack(0x00000008c9300000,0x00000008c9400000) (1024K)]
Total: 2

Threads with active compile tasks:
Total: 0

VM state: not at safepoint (normal execution)

VM Mutex/Monitor currently owned by a thread: None

Heap address: 0x00000000c0000000, size: 1024 MB, Compressed Oops mode: 32-bit

CDS archive(s) not mapped
Compressed class space mapped at: 0x0000000015000000-0x0000000055000000, reserved size: 1073741824
Narrow klass base: 0x0000000000000000, Narrow klass shift: 0, Narrow klass range: 0x55000000

GC Precious Log:
 CardTable entry size: 512
 CPUs: 4 total, 4 available
 Memory: 12168M
 Large Page Support: Disabled
 NUMA Support: Disabled
 Compressed Oops: Enabled (32-bit)
 Alignments: Space 512K, Generation 512K, Heap 2M
 Heap Min Capacity: 100M
 Heap Initial Capacity: 100M
 Heap Max Capacity: 1G
 Pre-touch: Disabled
 Parallel Workers: 4

Heap:
 PSYoungGen      total 29696K, used 512K [0x00000000eab00000, 0x00000000ecc00000, 0x0000000100000000)
  eden space 25600K, 2% used [0x00000000eab00000,0x00000000eab80070,0x00000000ec400000)
  from space 4096K, 0% used [0x00000000ec800000,0x00000000ec800000,0x00000000ecc00000)
  to   space 4096K, 0% used [0x00000000ec400000,0x00000000ec400000,0x00000000ec800000)
 ParOldGen       total 68608K, used 0K [0x00000000c0000000, 0x00000000c4300000, 0x00000000eab00000)
  object space 68608K, 0% used [0x00000000c0000000,0x00000000c0000000,0x00000000c4300000)
 Metaspace       used 1536K, committed 1600K, reserved 1114112K
  class space    used 110K, committed 128K, reserved 1048576K

Card table byte_map: [0x000001771aa10000,0x000001771ac10000] _byte_map_base: 0x000001771a410000

Marking Bits: (ParMarkBitMap*) 0x00007ff95deb8760
 Begin Bits: [0x0000017732650000, 0x0000017733650000)

Polling page: 0x0000017718d00000

Metaspace:

Usage:
  Non-class:      1.39 MB used.
      Class:    110.16 KB used.
       Both:      1.50 MB used.

Virtual space:
  Non-class space:       64.00 MB reserved,       1.44 MB (  2%) committed,  1 nodes.
      Class space:        1.00 GB reserved,     128.00 KB ( <1%) committed,  1 nodes.
             Both:        1.06 GB reserved,       1.56 MB ( <1%) committed. 

Chunk freelists:
   Non-Class:  12.00 MB
       Class:  15.75 MB
        Both:  27.75 MB

MaxMetaspaceSize: unlimited
CompressedClassSpaceSize: 1.00 GB
Initial GC threshold: 21.00 MB
Current GC threshold: 17179869184.00 GB
CDS: off
 - commit_granule_bytes: 65536.
 - commit_granule_words: 8192.
 - virtual_space_node_default_size: 8388608.
 - enlarge_chunks_in_place: 1.
 - use_allocation_guard: 0.


Internal statistics:

num_allocs_failed_limit: 0.
num_arena_births: 2.
num_arena_deaths: 0.
num_vsnodes_births: 2.
num_vsnodes_deaths: 0.
num_space_committed: 25.
num_space_uncommitted: 0.
num_chunks_returned_to_freelist: 0.
num_chunks_taken_from_freelist: 3.
num_chunk_merges: 0.
num_chunk_splits: 2.
num_chunks_enlarged: 0.
num_inconsistent_stats: 0.

CodeHeap 'non-profiled nmethods': size=120064Kb used=0Kb max_used=0Kb free=120064Kb
 bounds [0x000001772b110000, 0x000001772b380000, 0x0000017732650000]
CodeHeap 'profiled nmethods': size=120000Kb used=0Kb max_used=0Kb free=120000Kb
 bounds [0x0000017723650000, 0x00000177238c0000, 0x000001772ab80000]
CodeHeap 'non-nmethods': size=5696Kb used=186Kb max_used=342Kb free=5509Kb
 bounds [0x000001772ab80000, 0x000001772adf0000, 0x000001772b110000]
CodeCache: size=245760Kb, used=186Kb, max_used=342Kb, free=245573Kb
 total_blobs=69, nmethods=0, adapters=48, full_count=0
Compilation: enabled, stopped_count=0, restarted_count=0

Compilation events (0 events):
No events

GC Heap History (0 events):
No events

Dll operation events (1 events):
Event: 0.055 Loaded shared library c:\Oracle_JDK-23\bin\java.dll

Deoptimization events (0 events):
No events

Classes loaded (20 events):
Event: 0.195 Loading class java/util/Iterator
Event: 0.195 Loading class java/util/Iterator done
Event: 0.195 Loading class java/lang/reflect/RecordComponent
Event: 0.196 Loading class java/lang/reflect/RecordComponent done
Event: 0.196 Loading class jdk/internal/vm/vector/VectorSupport
Event: 0.197 Loading class jdk/internal/vm/vector/VectorSupport done
Event: 0.197 Loading class jdk/internal/vm/vector/VectorSupport$VectorPayload
Event: 0.197 Loading class jdk/internal/vm/vector/VectorSupport$VectorPayload done
Event: 0.197 Loading class jdk/internal/vm/vector/VectorSupport$Vector
Event: 0.197 Loading class jdk/internal/vm/vector/VectorSupport$Vector done
Event: 0.197 Loading class jdk/internal/vm/vector/VectorSupport$VectorMask
Event: 0.197 Loading class jdk/internal/vm/vector/VectorSupport$VectorMask done
Event: 0.197 Loading class jdk/internal/vm/vector/VectorSupport$VectorShuffle
Event: 0.197 Loading class jdk/internal/vm/vector/VectorSupport$VectorShuffle done
Event: 0.197 Loading class jdk/internal/vm/FillerObject
Event: 0.197 Loading class jdk/internal/vm/FillerObject done
Event: 0.201 Loading class java/lang/NullPointerException
Event: 0.201 Loading class java/lang/NullPointerException done
Event: 0.202 Loading class java/lang/ArithmeticException
Event: 0.202 Loading class java/lang/ArithmeticException done

Classes unloaded (0 events):
No events

Classes redefined (0 events):
No events

Internal exceptions (0 events):
No events

VM Operations (0 events):
No events

Memory protections (0 events):
No events

Nmethod flushes (0 events):
No events

Events (1 events):
Event: 0.090 Thread 0x000001771af106f0 Thread added: 0x000001771af106f0


Dynamic libraries:
0x00007ff691070000 - 0x00007ff691080000 	c:\Oracle_JDK-23\bin\java.exe
0x00007ff9dac10000 - 0x00007ff9dae08000 	C:\WINDOWS\SYSTEM32\ntdll.dll
0x00007ff9d8fe0000 - 0x00007ff9d90a2000 	C:\WINDOWS\System32\KERNEL32.DLL
0x00007ff9d8480000 - 0x00007ff9d877f000 	C:\WINDOWS\System32\KERNELBASE.dll
0x00007ff9d87f0000 - 0x00007ff9d88f0000 	C:\WINDOWS\System32\ucrtbase.dll
0x00007ff9ad730000 - 0x00007ff9ad747000 	c:\Oracle_JDK-23\bin\jli.dll
0x00007ff9d99d0000 - 0x00007ff9d9b6d000 	C:\WINDOWS\System32\USER32.dll
0x00007ff9d82a0000 - 0x00007ff9d82c2000 	C:\WINDOWS\System32\win32u.dll
0x00007ff9daab0000 - 0x00007ff9daadb000 	C:\WINDOWS\System32\GDI32.dll
0x00007ff9d8360000 - 0x00007ff9d8477000 	C:\WINDOWS\System32\gdi32full.dll
0x00007ff9d8a80000 - 0x00007ff9d8b1d000 	C:\WINDOWS\System32\msvcp_win.dll
0x00007ff9bb020000 - 0x00007ff9bb03b000 	c:\Oracle_JDK-23\bin\VCRUNTIME140.dll
0x00007ff9c3660000 - 0x00007ff9c38fa000 	C:\WINDOWS\WinSxS\amd64_microsoft.windows.common-controls_6595b64144ccf1df_6.0.19041.4355_none_60b8b9eb71f62e16\COMCTL32.dll
0x00007ff9da650000 - 0x00007ff9da6ee000 	C:\WINDOWS\System32\msvcrt.dll
0x00007ff9da460000 - 0x00007ff9da48f000 	C:\WINDOWS\System32\IMM32.DLL
0x00007ff9cbbd0000 - 0x00007ff9cbbdc000 	c:\Oracle_JDK-23\bin\vcruntime140_1.dll
0x00007ff9a1b40000 - 0x00007ff9a1bce000 	c:\Oracle_JDK-23\bin\msvcp140.dll
0x00007ff95d240000 - 0x00007ff95df8f000 	c:\Oracle_JDK-23\bin\server\jvm.dll
0x00007ff9da3a0000 - 0x00007ff9da451000 	C:\WINDOWS\System32\ADVAPI32.dll
0x00007ff9da5b0000 - 0x00007ff9da64f000 	C:\WINDOWS\System32\sechost.dll
0x00007ff9d9b80000 - 0x00007ff9d9ca3000 	C:\WINDOWS\System32\RPCRT4.dll
0x00007ff9d88f0000 - 0x00007ff9d8917000 	C:\WINDOWS\System32\bcrypt.dll
0x00007ff9daae0000 - 0x00007ff9dab4b000 	C:\WINDOWS\System32\WS2_32.dll
0x00007ff9d77f0000 - 0x00007ff9d783b000 	C:\WINDOWS\SYSTEM32\POWRPROF.dll
0x00007ff9c5d30000 - 0x00007ff9c5d57000 	C:\WINDOWS\SYSTEM32\WINMM.dll
0x00007ff9ce810000 - 0x00007ff9ce81a000 	C:\WINDOWS\SYSTEM32\VERSION.dll
0x00007ff9d7660000 - 0x00007ff9d7672000 	C:\WINDOWS\SYSTEM32\UMPDC.dll
0x00007ff9d6a80000 - 0x00007ff9d6a92000 	C:\WINDOWS\SYSTEM32\kernel.appcore.dll
0x00007ff9cbb30000 - 0x00007ff9cbb3a000 	c:\Oracle_JDK-23\bin\jimage.dll
0x00007ff9d6780000 - 0x00007ff9d6964000 	C:\WINDOWS\SYSTEM32\DBGHELP.DLL
0x00007ff9ca670000 - 0x00007ff9ca6a4000 	C:\WINDOWS\SYSTEM32\dbgcore.DLL
0x00007ff9d82d0000 - 0x00007ff9d8352000 	C:\WINDOWS\System32\bcryptPrimitives.dll
0x00007ff9bd9d0000 - 0x00007ff9bd9df000 	c:\Oracle_JDK-23\bin\instrument.dll
0x00007ff9b6af0000 - 0x00007ff9b6b0e000 	c:\Oracle_JDK-23\bin\java.dll
0x00007ff9da970000 - 0x00007ff9daa9b000 	C:\WINDOWS\System32\ole32.dll
0x00007ff9d8c20000 - 0x00007ff9d8f75000 	C:\WINDOWS\System32\combase.dll
0x00007ff9d91f0000 - 0x00007ff9d995e000 	C:\WINDOWS\System32\SHELL32.dll

dbghelp: loaded successfully - version: 4.0.5 - missing functions: none
symbol engine: initialized successfully - sym options: 0x614 - pdb path: .;c:\Oracle_JDK-23\bin;C:\WINDOWS\SYSTEM32;C:\WINDOWS\WinSxS\amd64_microsoft.windows.common-controls_6595b64144ccf1df_6.0.19041.4355_none_60b8b9eb71f62e16;c:\Oracle_JDK-23\bin\server

VM Arguments:
jvm_args: --add-modules=ALL-SYSTEM --add-opens=java.base/java.util=ALL-UNNAMED --add-opens=java.base/java.lang=ALL-UNNAMED --add-opens=java.base/sun.nio.fs=ALL-UNNAMED -Declipse.application=org.eclipse.jdt.ls.core.id1 -Dosgi.bundles.defaultStartLevel=4 -Declipse.product=org.eclipse.jdt.ls.core.product -Djava.import.generatesMetadataFilesAtProjectRoot=false -DDetectVMInstallationsJob.disabled=true -Dfile.encoding=utf8 -XX:+UseParallelGC -XX:GCTimeRatio=4 -XX:AdaptiveSizePolicyWeight=90 -Dsun.zip.disableMemoryMapping=true -Xmx1G -Xms100m -Xlog:disable -javaagent:c:\Users\surma\.vscode\extensions\redhat.java-1.39.0-win32-x64\lombok\lombok-1.18.34.jar 
java_command: c:\Users\surma\.vscode\extensions\redhat.java-1.39.0-win32-x64\server\plugins\org.eclipse.equinox.launcher_1.6.900.v20240613-2009.jar -configuration c:\Users\surma\AppData\Roaming\Code\User\globalStorage\redhat.java\1.39.0\config_ss_win -data c:\Users\surma\AppData\Roaming\Code\User\workspaceStorage\d567e7ec6c664be87a8bcd6bc2ff05b1\redhat.java\ss_ws --pipe=\\.\pipe\lsp-500e3be37a63c3e6903560b4ddfcf823-sock
java_class_path (initial): c:\Users\surma\.vscode\extensions\redhat.java-1.39.0-win32-x64\server\plugins\org.eclipse.equinox.launcher_1.6.900.v20240613-2009.jar
Launcher Type: SUN_STANDARD

[Global flags]
     uint AdaptiveSizePolicyWeight                 = 90                                        {product} {command line}
     intx CICompilerCount                          = 3                                         {product} {ergonomic}
     uint GCTimeRatio                              = 4                                         {product} {command line}
   size_t InitialHeapSize                          = 104857600                                 {product} {command line}
   size_t MaxHeapSize                              = 1073741824                                {product} {command line}
   size_t MaxNewSize                               = 357564416                                 {product} {ergonomic}
   size_t MinHeapDeltaBytes                        = 524288                                    {product} {ergonomic}
   size_t MinHeapSize                              = 104857600                                 {product} {command line}
   size_t NewSize                                  = 34603008                                  {product} {ergonomic}
    uintx NonNMethodCodeHeapSize                   = 5832704                                {pd product} {ergonomic}
    uintx NonProfiledCodeHeapSize                  = 122945536                              {pd product} {ergonomic}
   size_t OldSize                                  = 70254592                                  {product} {ergonomic}
    uintx ProfiledCodeHeapSize                     = 122880000                              {pd product} {ergonomic}
    uintx ReservedCodeCacheSize                    = 251658240                              {pd product} {ergonomic}
     bool SegmentedCodeCache                       = true                                      {product} {ergonomic}
   size_t SoftMaxHeapSize                          = 1073741824                             {manageable} {ergonomic}
     bool UseCompressedOops                        = true                           {product lp64_product} {ergonomic}
     bool UseLargePagesIndividualAllocation        = false                                  {pd product} {ergonomic}
     bool UseParallelGC                            = true                                      {product} {command line}

Logging:
Log output configuration:
 #0: stdout all=off uptime,level,tags foldmultilines=false
 #1: stderr all=off uptime,level,tags foldmultilines=false

Environment Variables:
JAVA_HOME=C:\Oracle_JDK-23
PATH=C:\Program Files\Common Files\Oracle\Java\javapath;C:\WINDOWS\system32;C:\WINDOWS;C:\WINDOWS\System32\Wbem;C:\WINDOWS\System32\WindowsPowerShell\v1.0\;C:\WINDOWS\System32\OpenSSH\;C:\Program Files\dotnet\;C:\Users\surma\AppData\Local\Android\Sdk\emulator;C:\Oracle_JDK-23\bin;C:\xampp\php;C:\Program Files\Microsoft SQL Server\Client SDK\ODBC\110\Tools\Binn\;C:\Program Files (x86)\Microsoft SQL Server\160\DTS\Binn\;C:\Python39;C:\Program Files (x86)\dotnet\;C:\ProgramData\ComposerSetup\bin;C:\Program Files\nodejs\;C:\ProgramData\chocolatey\bin;C:\Program Files\Git\cmd;C:\Users\surma\dev\flutter\bin;C:\Users\surma\AppData\Local\Programs\Microsoft VS Code\bin
USERNAME=surma
OS=Windows_NT
PROCESSOR_IDENTIFIER=Intel64 Family 6 Model 61 Stepping 4, GenuineIntel
TMP=C:\Users\surma\AppData\Local\Temp
TEMP=C:\Users\surma\AppData\Local\Temp




Periodic native trim disabled

---------------  S Y S T E M  ---------------

OS:
 Windows 10 , 64 bit Build 19041 (10.0.19041.5198)
OS uptime: 16 days 23:41 hours
Hyper-V role detected

CPU: total 4 (initial active 4) (2 cores per cpu, 2 threads per core) family 6 model 61 stepping 4 microcode 0x2d, cx8, cmov, fxsr, ht, mmx, 3dnowpref, sse, sse2, sse3, ssse3, sse4.1, sse4.2, popcnt, lzcnt, tsc, tscinvbit, avx, avx2, aes, erms, clmul, bmi1, bmi2, rtm, adx, fma, vzeroupper, clflush, hv, rdtscp, f16c
Processor Information for the first 4 processors :
  Max Mhz: 2295, Current Mhz: 2295, Mhz Limit: 2295

Memory: 4k page, system-wide physical 12168M (403M free)
TotalPageFile size 21980M (AvailPageFile size 39M)
current process WorkingSet (physical memory assigned to process): 16M, peak: 16M
current process commit charge ("private bytes"): 131M, peak: 141M

vm_info: Java HotSpot(TM) 64-Bit Server VM (23.0.1+11-39) for windows-amd64 JRE (23.0.1+11-39), built on 2024-09-30T07:20:43Z with MS VC++ 17.6 (VS2022)

END.
